---------- Date: 2017-09-07 07:59:08 ~ IP : 203.113.152.8 ----------
REQUEST URI : /tien-widia-victory
MOD DETAILS:
   modFile   : /home/hiepph96/public_html/vqmod/xml/shopme_product_questions.xml
   id        : Product Questions
   version   : OC 2.x
   vqmver    : 2.0.0
   author    : Karl Pers - openthemer@gmail.com

File Name    : catalog/view/theme/*/template/product/product.tpl(2)
VQModObject::applyMod - SEARCH NOT FOUND (SKIPPED): <a class="btn btn-icon" onclick="compare.add('<?php echo $product_id; ?>');" data-toggle="tooltip" title="<?php echo $button_compare; ?>"><i class="icon-resize-small"></i></a>
----------------------------------------------------------------------


---------- Date: 2017-09-07 08:36:16 ~ IP : 27.64.37.18 ----------
REQUEST URI : /dao-phay-ngon/dao-phay-ngon-hop-kim-200-nano
MOD DETAILS:
   modFile   : /home/hiepph96/public_html/vqmod/xml/shopme_product_questions.xml
   id        : Product Questions
   version   : OC 2.x
   vqmver    : 2.0.0
   author    : Karl Pers - openthemer@gmail.com

File Name    : catalog/view/theme/*/template/product/product.tpl(2)
VQModObject::applyMod - SEARCH NOT FOUND (SKIPPED): <a class="btn btn-icon" onclick="compare.add('<?php echo $product_id; ?>');" data-toggle="tooltip" title="<?php echo $button_compare; ?>"><i class="icon-resize-small"></i></a>
----------------------------------------------------------------------


